A. Parameters used by the GA 
	a. Representation: Permutation
	b. Population size: 15
	c. Maximum Generation: 300
	d. Recombination Method: Partially Mapped Crossover
	e. Mutation Method: Inverse Mutation
	f. Parent Selection Method: Tournament Selection
	g. Survivor Selection Method: Elitism
	h. Probability for Recombination: 0.9
	i. Probability for Mutation: 0.05
	j. Survival Rate:0.2
B. Number of Generations Ran: 1
C. Total Running Time: 32 milliseconds
D. Number of Population Restarts: 0
E. Phenotype of Best Performing Individual: 
	4 1 3 2 
	2 3 4 1 
	1 4 2 3 
	3 2 1 4 
F. Puzzle Solved
