A. Parameters used by the GA 
	a. Representation: Permutation
	b. Population size: 600
	c. Maximum Generation: 200
	d. Recombination Method: Partially Mapped Crossover
	e. Mutation Method: Inverse Mutation
	f. Parent Selection Method: Tournament Selection
	g. Survivor Selection Method: Elitism
	h. Probability for Recombination: 0.9
	i. Probability for Mutation: 0.05
	j. Survival Rate:0.2
B. Number of Generations Ran: 20
C. Total Running Time: 53 seconds
D. Number of Population Restarts: 2
E. Phenotype of Best Performing Individual: 
	6 9 8 1 3 4 7 5 2 
	7 2 5 6 9 8 3 4 1 
	3 4 1 5 2 7 8 9 6 
	4 6 7 8 1 9 5 2 3 
	9 8 3 4 5 2 6 1 7 
	1 5 2 7 6 3 4 8 9 
	5 3 4 2 7 1 9 6 8 
	8 1 9 3 4 6 2 7 5 
	2 7 6 9 8 5 1 3 4 
F. Puzzle Solved
