A. Parameters used by the GA 
	a. Representation: Permutation
	b. Population size: 300
	c. Maximum Generation: 300
	d. Recombination Method: Partially Mapped Crossover
	e. Mutation Method: Inverse Mutation
	f. Parent Selection Method: Tournament Selection
	g. Survivor Selection Method: Elitism
	h. Probability for Recombination: 0.9
	i. Probability for Mutation: 0.05
	j. Survival Rate:0.2
B. Number of Generations Ran: 7
C. Total Running Time: 547 milliseconds
D. Number of Population Restarts: 0
E. Phenotype of Best Performing Individual: 
	5 2 4 3 1 6 
	1 3 6 2 4 5 
	6 1 3 5 2 4 
	2 4 5 1 6 3 
	3 6 2 4 5 1 
	4 5 1 6 3 2 
F. Puzzle Solved
