A. Parameters used by the GA 
	a. Representation: Permutation
	b. Population size: 600
	c. Maximum Generation: 200
	d. Recombination Method: Partially Mapped Crossover
	e. Mutation Method: Inverse Mutation
	f. Parent Selection Method: Tournament Selection
	g. Survivor Selection Method: Elitism
	h. Probability for Recombination: 0.9
	i. Probability for Mutation: 0.05
	j. Survival Rate:0.2
B. Number of Generations Ran: 200
C. Total Running Time: 160 seconds
D. Number of Population Restarts: 3
E. Phenotype of Best Performing Individual: 
	2 8 4 1 9 7 5 3 6 
	9 7 3 6 2 5 4 8 1 
	6 5 1 4 8 3 9 7 2 
	8 4 7 9 1 6 3 2 5 
	1 6 2 5 3 4 8 9 4 
	5 3 9 2 7 8 1 6 7 
	3 1 8 7 6 2 2 4 9 
	7 9 6 8 4 1 5 1 3 
	4 2 5 3 5 9 7 6 8 
F. Puzzle Not Solved
