A. Parameters used by the GA 
	a. Representation: Permutation
	b. Population size: 600
	c. Maximum Generation: 300
	d. Recombination Method: Partially Mapped Crossover
	e. Mutation Method: Inverse Mutation
	f. Parent Selection Method: Tournament Selection
	g. Survivor Selection Method: Elitism
	h. Probability for Recombination: 0.9
	i. Probability for Mutation: 0.05
	j. Survival Rate:0.2
B. Number of Generations Ran: 16
C. Total Running Time: 106 seconds
D. Number of Population Restarts: 2
E. Phenotype of Best Performing Individual: 
	6 8 3 4 7 5 1 2 
	2 5 1 7 4 3 8 6 
	7 2 5 1 6 8 4 3 
	8 6 4 3 2 7 5 1 
	3 7 6 8 1 4 2 5 
	1 4 2 5 3 6 7 8 
	4 1 8 6 5 2 3 7 
	5 3 7 2 8 1 6 4 
F. Puzzle Solved
