A. Parameters used by the GA 
	a. Representation: Permutation
	b. Population size: 600
	c. Maximum Generation: 200
	d. Recombination Method: Partially Mapped Crossover
	e. Mutation Method: Inverse Mutation
	f. Parent Selection Method: Tournament Selection
	g. Survivor Selection Method: Elitism
	h. Probability for Recombination: 0.9
	i. Probability for Mutation: 0.05
	j. Survival Rate:0.2
B. Number of Generations Ran: 8
C. Total Running Time: 3 seconds
D. Number of Population Restarts: 0
E. Phenotype of Best Performing Individual: 
	4 5 7 3 8 1 2 6 9 
	1 6 2 5 4 9 8 7 3 
	9 3 8 2 7 6 4 5 1 
	3 7 4 8 6 2 1 9 5 
	8 2 5 9 1 7 3 4 6 
	6 1 9 4 3 5 7 2 8 
	2 4 1 6 5 8 9 3 7 
	5 8 3 7 9 4 6 1 2 
	7 9 6 1 2 3 5 8 4 
F. Puzzle Solved
